
Starting:    C:\Microsemi\Libero_SoC_v11.9\SynplifyPro\bin64\mbin\synbatch.exe
Install:     C:\Microsemi\Libero_SoC_v11.9\SynplifyPro
Hostname:    EECS373-04
Date:        Wed Feb 26 19:19:46 2020
Version:     L-2016.09M-SP1-5

Arguments:   -product synplify_pro -licensetype synplifypro_actel -batch -log synplify.log ir_syn.tcl
ProductType: synplify_pro

License checkout: synplifypro_actel
License: synplifypro_actel node-locked 
Licensed Vendor: actel
License Option: actel_oem

Running in Vendor Mode


auto_infer_blackbox is not supported in current product.

log file: "C:\Users\phammel\Desktop\starter\irc\synthesis\ir.srr"

Running: synthesis in foreground



Running ir_syn|synthesis


Running: compile (Compile) on ir_syn|synthesis
# Wed Feb 26 19:19:46 2020


Running: compile_flow (Compile Process) on ir_syn|synthesis
# Wed Feb 26 19:19:46 2020


Running: compiler (Compile Input) on ir_syn|synthesis
# Wed Feb 26 19:19:46 2020

Copied C:\Users\phammel\Desktop\starter\irc\synthesis\synwork\ir_comp.srs to C:\Users\phammel\Desktop\starter\irc\synthesis\ir.srs


compiler completed
# Wed Feb 26 19:19:47 2020

Return Code: 0
Run Time:00h:00m:01s


Running: multi_srs_gen (Multi-srs Generator) on ir_syn|synthesis
# Wed Feb 26 19:19:47 2020


multi_srs_gen completed
# Wed Feb 26 19:19:47 2020

Return Code: 0
Run Time:00h:00m:00s

Copied C:\Users\phammel\Desktop\starter\irc\synthesis\synwork\ir_mult.srs to C:\Users\phammel\Desktop\starter\irc\synthesis\ir.srs

Complete: Compile Process on ir_syn|synthesis


Running: premap (Pre-mapping) on ir_syn|synthesis
# Wed Feb 26 19:19:47 2020


premap completed
# Wed Feb 26 19:19:48 2020

Return Code: 0
Run Time:00h:00m:01s

Complete: Compile on ir_syn|synthesis


Running: map (Map) on ir_syn|synthesis
# Wed Feb 26 19:19:48 2020

License granted for 4 parallel jobs


Running: fpga_mapper (Map & Optimize) on ir_syn|synthesis
# Wed Feb 26 19:19:48 2020

Copied C:\Users\phammel\Desktop\starter\irc\synthesis\synwork\ir_m.srm to C:\Users\phammel\Desktop\starter\irc\synthesis\ir.srm


fpga_mapper completed
# Wed Feb 26 19:19:48 2020

Return Code: 0
Run Time:00h:00m:00s

Complete: Map on ir_syn|synthesis

Complete: Logic Synthesis on ir_syn|synthesis

TCL script complete: "ir_syn.tcl"

exit status=0

exit status=0

License checkin: synplifypro_actel

