Microsemi Libero Software
Version: 11.9.0.4
Release: v11.9

Info: The design ir.adb was last modified by software version 11.9.0.4.
Opened an existing Libero design ir.adb.
'BA_NAME' set to 'ir_ba'
'IDE_DESIGNERVIEW_NAME' set to 'Impl1'
'IDE_DESIGNERVIEW_COUNT' set to '1'
'IDE_DESIGNERVIEW_REV0' set to 'Impl1'
'IDE_DESIGNERVIEW_REVNUM0' set to '1'
'IDE_DESIGNERVIEW_ROOTDIR' set to 'C:\Users\fuhu\Desktop\373final\irc\designer'
'IDE_DESIGNERVIEW_LASTREV' set to '1'
Wrote timing report to file: ir_maxdelay_timing_report.txt

The Report command succeeded ( 00:00:02 )
Wrote timing report to file: ir_mindelay_timing_report.txt

The Report command succeeded ( 00:00:00 )
Wrote timing_violations report to file: ir_maxdelay_timingviolations_report.txt

The Report command succeeded ( 00:00:00 )
Wrote timing_violations report to file: ir_mindelay_timingviolations_report.txt

The Report command succeeded ( 00:00:00 )
Design saved to file C:\Users\fuhu\Desktop\373final\irc\designer\impl1\ir.adb.

The Execute Script command succeeded ( 00:00:03 )
Design closed.

